<?xml version="1.0" encoding="UTF-8"?>
<testng-results ignored="0" total="1" passed="1" failed="0" skipped="0">
  <reporter-output>
  </reporter-output>
  <suite started-at="2026-01-24T14:09:57 IST" name="Suite" finished-at="2026-01-24T14:10:07 IST" duration-ms="10736">
    <groups>
    </groups>
    <test started-at="2026-01-24T14:09:57 IST" name="Tests" finished-at="2026-01-24T14:10:07 IST" duration-ms="10736">
      <class name="test.LoginTest">
        <test-method is-config="true" signature="AplicationOpen()[pri:0, instance:test.LoginTest@56673b2c]" started-at="2026-01-24T14:09:57 IST" name="AplicationOpen" finished-at="2026-01-24T14:09:59 IST" duration-ms="2639" status="PASS">
          <reporter-output>
          </reporter-output>
        </test-method> <!-- AplicationOpen -->
        <test-method signature="login(java.lang.String,java.lang.String,java.lang.String)[pri:0, instance:test.LoginTest@56673b2c]" started-at="2026-01-24T14:09:59 IST" name="login" data-provider="getLoginData" finished-at="2026-01-24T14:10:07 IST" duration-ms="7942" status="PASS">
          <params>
            <param index="0">
              <value>
                <![CDATA[Kumarashish270899@gmail.com]]>
              </value>
            </param>
            <param index="1">
              <value>
                <![CDATA[Ashish@123]]>
              </value>
            </param>
            <param index="2">
              <value>
                <![CDATA[Success]]>
              </value>
            </param>
          </params>
          <reporter-output>
          </reporter-output>
        </test-method> <!-- login -->
        <test-method is-config="true" signature="browserClose()[pri:0, instance:test.LoginTest@56673b2c]" started-at="2026-01-24T14:10:07 IST" name="browserClose" finished-at="2026-01-24T14:10:07 IST" duration-ms="122" status="PASS">
          <reporter-output>
          </reporter-output>
        </test-method> <!-- browserClose -->
      </class> <!-- test.LoginTest -->
    </test> <!-- Tests -->
  </suite> <!-- Suite -->
</testng-results>
